Arguments: 
  /home/persona/.nvm/versions/node/v12.8.0/bin/node /usr/bin/yarn link rupa

PATH: 
  /home/persona/.nvm/versions/node/v12.8.0/bin:/home/persona/anaconda3/bin:/home/persona/.cargo/bin:/usr/local/bin:/usr/local/sbin:/usr/bin:/usr/lib/jvm/default/bin:/usr/bin/site_perl:/usr/bin/vendor_perl:/usr/bin/core_perl:/home/persona/.config/yarn/global/node_modules/.bin:/home/persona/go/bin:/home/persona/Android/Sdk/tools:/home/persona/flutter/bin:/home/persona/.cargo/bin

Yarn version: 
  1.17.3

Node version: 
  12.8.0

Platform: 
  linux x64

Trace: 
  SyntaxError: /home/persona/Codes/openeduka/nusa/package.json: Unexpected token } in JSON at position 1611
      at JSON.parse (<anonymous>)
      at /usr/lib/node_modules/yarn/lib/cli.js:1625:59
      at Generator.next (<anonymous>)
      at step (/usr/lib/node_modules/yarn/lib/cli.js:304:30)
      at /usr/lib/node_modules/yarn/lib/cli.js:315:13

npm manifest: 
  {
    "name": "react-boilerplate-lite",
    "version": "0.0.0",
    "description": "Minimal boilerplate for React apps",
    "engines": {
      "node": "12.8.0",
      "npm": "^6.7.0"
    },
    "scripts": {
      "start": "node server/server.js",
      "start:dashboard": "webpack-dashboard node server/server.js",
      "postinstall": "npm run build",
      "build": "webpack --config webpack/webpack.prod.config.js",
      "clean": "rm -rf build",
      "lint": "eslint src --ext .ts,.tsx",
      "format:check": "prettier --check {server,src,webpack}/**/*.{ts,tsx,js,jsx,json,css,html}",
      "format": "prettier --write {server,src,webpack}/**/*.{ts,tsx,js,jsx,json,css,html}",
      "test": "jest"
    },
    "author": "Michał Załęcki <michal@michalzalecki.com>",
    "license": "MIT",
    "jest": {
      "moduleNameMapper": {
        "\\.css$": "identity-obj-proxy"
      }
    },
    "dependencies": {
      "@babel/core": "^7.5.5",
      "@babel/plugin-proposal-class-properties": "^7.5.5",
      "@babel/plugin-syntax-dynamic-import": "^7.2.0",
      "@babel/preset-env": "^7.5.5",
      "@babel/preset-react": "^7.0.0",
      "@babel/preset-typescript": "^7.3.3",
      "@types/react": "^16.8.23",
      "@types/react-dom": "^16.8.4",
      "babel-loader": "^8.0.6",
      "compression": "^1.7.4",
      "css-loader": "^3.0.0",
      "dotenv": "^8.0.0",
      "express": "^4.17.1",
      "html-webpack-plugin": "^3.2.0",
      "identity-obj-proxy": "^3.0.0",
      "morgan": "^1.9.1",
      "prop-types": "^15.7.2",
      "react": "^16.8.6",
      "react-dom": "^16.8.6",
      "style-loader": "^0.23.1",
      "typescript": "^3.5.3",
      "webpack": "^4.36.1",
      "webpack-cli": "^3.3.6",
    },
    "devDependencies": {
      "@testing-library/react": "^8.0.5",
      "@types/jest": "^24.0.15",
      "@typescript-eslint/eslint-plugin": "^1.12.0",
      "@typescript-eslint/parser": "^1.12.0",
      "babel-core": "^7.0.0-bridge.0",
      "babel-eslint": "^10.0.2",
      "eslint": "^5.16.0",
      "eslint-config-prettier": "^5.1.0",
      "eslint-import-resolver-webpack": "^0.11.1",
      "eslint-plugin-import": "^2.18.0",
      "eslint-plugin-jsx-a11y": "^6.2.3",
      "eslint-plugin-prettier": "^3.1.0",
      "eslint-plugin-react": "^7.14.2",
      "eslint-plugin-react-hooks": "^1.6.1",
      "jest": "^24.8.0",
      "prettier": "^1.18.2",
      "react-hot-loader": "^4.12.11",
      "webpack-dashboard": "^3.0.7",
      "webpack-dev-middleware": "^3.7.0",
      "webpack-dev-server": "^3.7.2",
      "webpack-hot-middleware": "^2.25.0"
    }
  }

yarn manifest: 
  No manifest

Lockfile: 
  No lockfile
